  main.cpp
C:\Users\ninja\Desktop\Copy Of Graphics Programming\GraphicsProgramming\FileLoader.h(17,2): warning C4091: 'static ': ignored on left of 'FileLoader' when no variable is declared
  (compiling source file 'main.cpp')
  
C:\Users\ninja\Desktop\Copy Of Graphics Programming\GraphicsProgramming\perlin_noise.hpp(67,26): warning C4554: '>>': check operator precedence for possible error; use parentheses to clarify precedence
  (compiling source file 'main.cpp')
  
C:\Users\ninja\Desktop\Copy Of Graphics Programming\GraphicsProgramming\perlin_noise.hpp(70,26): warning C4554: '>>': check operator precedence for possible error; use parentheses to clarify precedence
  (compiling source file 'main.cpp')
  
C:\Users\ninja\Desktop\Copy Of Graphics Programming\GraphicsProgramming\perlin_noise.hpp(72,15): warning C4244: 'initializing': conversion from 'double' to 'float', possible loss of data
  (compiling source file 'main.cpp')
  
C:\Users\ninja\Desktop\Copy Of Graphics Programming\GraphicsProgramming\perlin_noise.hpp(94,55): warning C4244: 'return': conversion from 'double' to 'float', possible loss of data
  (compiling source file 'main.cpp')
  
C:\Users\ninja\Desktop\Copy Of Graphics Programming\GraphicsProgramming\ActionQueue.h(28,13): warning C4267: 'initializing': conversion from 'size_t' to 'int', possible loss of data
  (compiling source file 'main.cpp')
  
C:\Users\ninja\Desktop\Copy Of Graphics Programming\GraphicsProgramming\main.cpp(122,40): warning C4244: 'argument': conversion from 'float' to 'const int', possible loss of data
C:\Users\ninja\Desktop\Copy Of Graphics Programming\GraphicsProgramming\main.cpp(635,29): warning C4018: '<': signed/unsigned mismatch
C:\Users\ninja\Desktop\Copy Of Graphics Programming\GraphicsProgramming\main.cpp(710,64): warning C4244: 'argument': conversion from 'int' to 'const float', possible loss of data
C:\Users\ninja\Desktop\Copy Of Graphics Programming\GraphicsProgramming\main.cpp(710,61): warning C4244: 'argument': conversion from 'int' to 'const float', possible loss of data
C:\Users\ninja\Desktop\Copy Of Graphics Programming\GraphicsProgramming\main.cpp(743,62): warning C4244: 'argument': conversion from 'int' to 'const float', possible loss of data
C:\Users\ninja\Desktop\Copy Of Graphics Programming\GraphicsProgramming\main.cpp(743,59): warning C4244: 'argument': conversion from 'int' to 'const float', possible loss of data
C:\Users\ninja\Desktop\Copy Of Graphics Programming\GraphicsProgramming\main.cpp(768,29): warning C4018: '<': signed/unsigned mismatch
  Generating code
  3 of 1242 functions ( 0.2%) were compiled, the rest were copied from previous compilation.
    1 functions were new in current compilation
    7 functions had inline decision re-evaluated but remain unchanged
  Finished generating code
  GraphicsProgramming.vcxproj -> C:\Users\ninja\Desktop\Copy Of Graphics Programming\GraphicsProgramming\x64\Release\GraphicsProgramming.exe
  0 File(s) copied
