c:\projects\graphicsprogramming\graphics.39e86440\x64\debug\vc143.pdb
c:\projects\graphicsprogramming\graphics.39e86440\x64\debug\vc143.idb
c:\projects\graphicsprogramming\graphics.39e86440\x64\debug\glad.obj
c:\projects\graphicsprogramming\graphics.39e86440\x64\debug\main.obj
c:\projects\graphicsprogramming\graphics.39e86440\x64\debug\graphicsprogramming.ilk
c:\projects\graphicsprogramming\x64\debug\graphicsprogramming.pdb
c:\projects\graphicsprogramming\graphics.39e86440\x64\debug\graphics.39e86440.tlog\cl.command.1.tlog
c:\projects\graphicsprogramming\graphics.39e86440\x64\debug\graphics.39e86440.tlog\cl.items.tlog
c:\projects\graphicsprogramming\graphics.39e86440\x64\debug\graphics.39e86440.tlog\cl.read.1.tlog
c:\projects\graphicsprogramming\graphics.39e86440\x64\debug\graphics.39e86440.tlog\cl.write.1.tlog
c:\projects\graphicsprogramming\graphics.39e86440\x64\debug\graphics.39e86440.tlog\link-cvtres.read.1.tlog
c:\projects\graphicsprogramming\graphics.39e86440\x64\debug\graphics.39e86440.tlog\link-cvtres.write.1.tlog
c:\projects\graphicsprogramming\graphics.39e86440\x64\debug\graphics.39e86440.tlog\link-rc.read.1.tlog
c:\projects\graphicsprogramming\graphics.39e86440\x64\debug\graphics.39e86440.tlog\link-rc.write.1.tlog
c:\projects\graphicsprogramming\graphics.39e86440\x64\debug\graphics.39e86440.tlog\link.6164-cvtres.read.1.tlog
c:\projects\graphicsprogramming\graphics.39e86440\x64\debug\graphics.39e86440.tlog\link.6164-cvtres.write.1.tlog
c:\projects\graphicsprogramming\graphics.39e86440\x64\debug\graphics.39e86440.tlog\link.6164-rc.read.1.tlog
c:\projects\graphicsprogramming\graphics.39e86440\x64\debug\graphics.39e86440.tlog\link.6164-rc.write.1.tlog
c:\projects\graphicsprogramming\graphics.39e86440\x64\debug\graphics.39e86440.tlog\link.6164.read.1.tlog
c:\projects\graphicsprogramming\graphics.39e86440\x64\debug\graphics.39e86440.tlog\link.6164.read.2.tlog
c:\projects\graphicsprogramming\graphics.39e86440\x64\debug\graphics.39e86440.tlog\link.6164.read.3.tlog
c:\projects\graphicsprogramming\graphics.39e86440\x64\debug\graphics.39e86440.tlog\link.6164.read.4.tlog
c:\projects\graphicsprogramming\graphics.39e86440\x64\debug\graphics.39e86440.tlog\link.6164.write.1.tlog
c:\projects\graphicsprogramming\graphics.39e86440\x64\debug\graphics.39e86440.tlog\link.command.1.tlog
c:\projects\graphicsprogramming\graphics.39e86440\x64\debug\graphics.39e86440.tlog\link.read.1.tlog
c:\projects\graphicsprogramming\graphics.39e86440\x64\debug\graphics.39e86440.tlog\link.read.2.tlog
c:\projects\graphicsprogramming\graphics.39e86440\x64\debug\graphics.39e86440.tlog\link.read.3.tlog
c:\projects\graphicsprogramming\graphics.39e86440\x64\debug\graphics.39e86440.tlog\link.read.4.tlog
c:\projects\graphicsprogramming\graphics.39e86440\x64\debug\graphics.39e86440.tlog\link.secondary.1.tlog
c:\projects\graphicsprogramming\graphics.39e86440\x64\debug\graphics.39e86440.tlog\link.write.1.tlog
